<?xml version="1.0" encoding="UTF-8"?>
<testng-results ignored="0" total="1" passed="1" failed="0" skipped="0">
  <reporter-output>
  </reporter-output>
  <suite started-at="2022-03-30T08:47:55 IST" name="Default suite" finished-at="2022-03-30T08:48:03 IST" duration-ms="7867">
    <groups>
    </groups>
    <test started-at="2022-03-30T08:47:55 IST" name="Default test" finished-at="2022-03-30T08:48:03 IST" duration-ms="7867">
      <class name="com.RediffLogin.NewTest">
        <test-method signature="Login(java.lang.String, java.lang.String)[pri:0, instance:com.RediffLogin.NewTest@662b4c69]" started-at="2022-03-30T08:47:55 IST" name="Login" data-provider="getData" finished-at="2022-03-30T08:48:03 IST" duration-ms="7824" status="PASS">
          <params>
            <param index="0">
              <value>
                <![CDATA[LN.2022@rediffmail.com]]>
              </value>
            </param>
            <param index="1">
              <value>
                <![CDATA[Happy@1234]]>
              </value>
            </param>
          </params>
          <reporter-output>
          </reporter-output>
        </test-method> <!-- Login -->
      </class> <!-- com.RediffLogin.NewTest -->
    </test> <!-- Default test -->
  </suite> <!-- Default suite -->
</testng-results>
